         w __deregister_frame_info
         w _ITM_deregisterTMCloneTable
         w _ITM_registerTMCloneTable
         w __register_frame_info
00000000 00000401 b __fixedpath
00000000 b .LANCHOR1
00000000 a shift
00000000 a shift
00000000 b _TLS_MODULE_BASE_
00000404 b .LANCHOR3
00000404 00000802 b __utf16path
00000c08 b .LANCHOR5
00000c08 00000802 b __utf16path_old.8583
00100000 A __start__
00100000 T _start
00100008 T __service_ptr
0010000c T __apt_appid
00100010 T __heap_size
00100014 T __linear_heap_size
00100018 T __system_arglist
0010001c T __system_runflags
00100020 t startup
00100058 t ClearMem
0010006c t ClrLoop
00100094 T _init
001000ac T initSystem
001000f0 T __ctru_exit
00100110 T __aeabi_uidiv
00100110 000001ec T __udivsi3
00100110 t .udivsi3_skip_div0_test
001002fc 00000020 T __aeabi_uidivmod
0010031c T __aeabi_idiv
0010031c 00000220 T __divsi3
00100324 t .divsi3_skip_div0_test
0010053c 00000020 T __aeabi_idivmod
0010055c 00000004 W __aeabi_idiv0
0010055c 00000004 W __aeabi_ldiv0
00100560 T __aeabi_drsub
00100568 000002b0 T __aeabi_dsub
00100568 000002b0 T __subdf3
0010056c 000002ac T __adddf3
0010056c 000002ac T __aeabi_dadd
00100818 00000024 T __aeabi_ui2d
00100818 00000024 T __floatunsidf
0010083c 00000028 T __aeabi_i2d
0010083c 00000028 T __floatsidf
00100864 00000048 T __aeabi_f2d
00100864 00000048 T __extendsfdf2
001008ac 00000074 T __aeabi_ul2d
001008ac 00000074 T __floatundidf
001008c0 00000060 T __aeabi_l2d
001008c0 00000060 T __floatdidf
00100920 T __aeabi_uldivmod
00100968 00000390 T strcmp
00100cf0 t deregister_tm_clones
00100d1c t register_tm_clones
00100d54 t __do_global_dtors_aux
00100d98 t frame_dummy
00100dcc 0000018c T init
00100f58 00000524 T main
0010147c 00000330 T C2D_Init
001017ac 00000044 T C2D_Fini
001017f0 000000c8 T C2D_Prepare
001018b8 0000010c T C2D_SceneSize
001019c4 00000044 T C2D_CreateScreenTarget
00101a08 0000013c T C2Di_CalcQuad
00101b44 00000030 T C2Di_FlushVtxBuf
00101b74 00000020 t C2Di_FrameEndHook
00101b94 00000018 T C2D_Flush
00101bac 00000030 T C2D_TargetClear
00101bdc 00000210 T C2Di_Update
00101dec 000002ec T C2D_DrawImage
001020d8 0000006c T C2D_SpriteSheetLoadFromHandle
00102144 00000034 T C2D_SpriteSheetLoad
00102178 00000028 T C2D_SpriteSheetFree
001021a0 00000028 T C2D_SpriteSheetGetImage
001021c8 000000c4 t C3Di_SplitFrame.part.1
0010228c 00000004 W C3Di_LightEnvUpdate
00102290 00000004 W C3Di_LightEnvDirty
00102294 000000ac t C3Di_AptEventHook
00102340 00000004 W C3Di_GasUpdate
00102344 0000021c T C3D_Init
00102560 00000098 T C3D_SetViewport
001025f8 0000050c T C3Di_UpdateContext
00102b04 00000020 T C3Di_SplitFrame
00102b24 00000064 T C3D_Fini
00102b88 00000114 T C3D_BindProgram
00102c9c 00000054 t C3Di_RenderQueueInit
00102cf0 00000080 t C3Di_RenderTargetDestroy
00102d70 000000ac t onVBlank1
00102e1c 0000013c t onVBlank0
00102f58 0000000c t C3Di_RenderTargetNew
00102f64 0000007c t C3Di_WaitAndClearQueue
00102fe0 000000c0 t onQueueFinish
001030a0 00000044 t C3D_FrameSplit.part.6
001030e4 00000030 T C3D_FrameSync
00103114 000000a0 T C3Di_RenderQueueExit
001031b4 00000020 T C3Di_RenderQueueWaitDone
001031d4 0000007c T C3D_FrameBegin
00103250 00000048 T C3D_FrameDrawOn
00103298 00000018 T C3D_FrameSplit
001032b0 00000164 T C3D_FrameEnd
00103414 0000001c T C3D_FrameEndHook
00103430 00000018 T C3D_GetDrawingTime
00103448 00000018 T C3D_GetProcessingTime
00103460 0000017c T C3D_RenderTargetCreate
001035dc 0000004c T C3D_RenderTargetSetOutput
00103628 000000b4 T C3D_SyncTextureCopy
001036dc 00000284 T C3D_TexInitWithParams
00103960 000000dc T C3D_TexLoadImage
00103a3c 00000048 T C3D_TexBind
00103a84 0000007c T C3D_TexDelete
00103b00 00000174 T C3Di_SetTex
00103c74 000003e8 t Tex3DSi_ImportCommon
0010405c 00000034 T Tex3DS_TextureImportStdio
00104090 0000001c T Tex3DS_GetSubTexture
001040ac 00000004 T Tex3DS_TextureFree
001040b0 0000001c T C3D_CalcColorBufSize
001040cc 0000001c T C3D_CalcDepthBufSize
001040e8 00000044 T C3D_SetFrameBuf
0010412c 00000168 T C3Di_FrameBufBind
00104294 000000c8 T C3D_FrameBufClear
0010435c 00000048 T C3D_FrameBufTransfer
001043a4 00000034 T C3D_GetTexEnv
001043d8 00000024 T C3Di_TexEnvBind
001043fc 0000006c T C3D_ProcTexInit
00104468 00000050 T C3D_ProcTexBind
001044b8 00000060 T C3D_ProcTexLutBind
00104518 000000a4 T ProcTexLut_FromArray
001045bc 00000174 T C3Di_ProcTexUpdate
00104730 00000068 T C3Di_ProcTexDirty
00104798 00000024 T BufInfo_Init
001047bc 00000084 T BufInfo_Add
00104840 00000040 T C3D_SetBufInfo
00104880 00000048 T C3Di_BufInfoBind
001048c8 00000148 T C3D_DrawArrays
00104a10 00000040 T C3D_DepthMap
00104a50 0000001c T C3D_CullFace
00104a6c 00000040 T C3D_StencilTest
00104aac 00000024 T C3D_StencilOp
00104ad0 0000001c T C3D_BlendingColor
00104aec 00000024 T C3D_EarlyDepthTest
00104b10 0000002c T C3D_DepthTest
00104b3c 0000002c T C3D_AlphaTest
00104b68 00000050 T C3D_AlphaBlend
00104bb8 00000030 T C3D_FragOpMode
00104be8 00000044 T C3D_FragOpShadow
00104c2c 000001ac T C3Di_EffectBind
00104dd8 00000028 T AttrInfo_Init
00104e00 000000a0 T AttrInfo_AddLoader
00104ea0 00000054 T C3D_SetAttrInfo
00104ef4 00000080 T C3Di_AttrInfoBind
00104f74 000000a4 T C3D_ImmSendAttrib
00105018 000002b8 T C3D_UpdateUniforms
001052d0 000000c0 T C3Di_DirtyUniforms
00105390 000000e0 T C3Di_LoadShaderUniforms
00105470 00000028 T C3Di_ClearShaderUniforms
00105498 000000cc T Mtx_Ortho
00105564 000000cc T Mtx_OrthoTilt
00105630 00000024 t addrMapNodeComparator(rbtree_node const*, rbtree_node const*)
00105654 00000004 t addrMapNodeDestructor(rbtree_node*)
00105658 00000114 T vramMemAlign
0010576c 00000008 T vramAlloc
00105774 00000054 T vramFree
001057c8 00000024 t addrMapNodeComparator(rbtree_node const*, rbtree_node const*)
001057ec 00000004 t addrMapNodeDestructor(rbtree_node*)
001057f0 00000124 T linearMemAlign
00105914 00000008 T linearAlloc
0010591c 00000054 T linearFree
00105970 0000008c T MemPool::CoalesceRight(MemBlock*)
001059fc 00000174 T MemPool::Allocate(MemChunk&, unsigned long, int)
00105b70 000000fc T MemPool::Deallocate(MemChunk const&)
00105c6c 00000008 t romfs_close
00105c74 000000d4 t romfs_seek
00105d48 00000024 t romfs_dirreset
00105d6c 00000078 t romfs_fstat
00105de4 00000054 t _romfs_read_chk
00105e38 000000cc t romfs_read
00105f04 0000007c t romfs_free
00105f80 0000016c t romfsMountCommon
001060ec 00000254 t romfs_dirnext
00106340 000000bc t romfsInitMtime.isra.0
001063fc 000000b4 t searchForFile.constprop.0
001064b0 000000b8 t searchForDir.constprop.0
00106568 000001c4 t navigateToDir.constprop.0
0010672c 0000011c t romfs_open
00106848 00000204 t romfs_stat
00106a4c 00000054 t romfs_chdir
00106aa0 00000078 t romfs_diropen
00106b18 00000008 t romfs_dirclose
00106b20 00000344 T romfsMount
00106e64 00000078 T romfsUnmount
00106edc 00000058 t getSysTime
00106f34 00000028 t __ctru_speedup_config.part.0
00106f5c 0000004c T osConvertVirtToPhys
00106fa8 00000024 T osGetMemRegionUsed
00106fd0 00000128 T __libctru_gtod
001070f8 00000038 T osTickCounterRead
00107130 00000018 T __ctru_speedup_config
00107148 000001b8 T consoleDrawChar
00107300 00000124 T consolePrintChar
00107424 0000015c t consoleCls
00107580 00000104 T consoleInit
00107684 0000010c t consoleClearLine
00107790 000000c4 t newRow
00107854 000007cc T con_write
00108020 0000000c T consoleClear
0010802c 0000008c t gfxSetFramebufferInfo.part.0
001080b8 0000006c t gfxSetFramebufferInfo
00108124 00000058 t gfxGetFramebuffer.part.0
0010817c 00000010 T gfxIs3D
0010818c 00000018 T __get_bytes_per_pixel
001081a4 00000184 T gfxSetScreenFormat
00108328 00000010 T gfxSetDoubleBuffering
00108338 00000214 T gfxInit
0010854c 00000010 T gfxInitDefault
0010855c 000000e0 T gfxExit
0010863c 00000064 T gfxGetFramebuffer
001086a0 000000cc T gfxFlushBuffers
0010876c 000000f4 T gfxConfigScreen
00108860 00000020 T gfxSwapBuffersGpu
00108880 000001f0 T shaderInstanceInit
00108a70 00000034 T shaderInstanceFree
00108aa4 00000018 T shaderInstanceGetUniformLocation
00108abc 00000018 T shaderProgramInit
00108ad4 0000002c T shaderProgramFree
00108b00 0000006c T shaderProgramSetVsh
00108b6c 000008b4 T shaderProgramConfigure
00109420 000001f8 t DVLE_GenerateOutmap.part.0
00109618 000001c8 T DVLB_ParseFile
001097e0 00000038 T DVLB_Free
00109818 00000078 T DVLE_GetUniformRegister
00109890 00000038 t submitGxCommand
001098c8 00000010 T GX_BindQueue
001098d8 00000050 T GX_ProcessCommandList
00109928 00000054 T GX_MemoryFill
0010997c 00000048 T GX_DisplayTransfer
001099c4 0000004c T GX_TextureCopy
00109a10 00000074 t gxCmdQueueDoCommands.part.0
00109a84 000000c8 T gxCmdQueueInterrupt
00109b4c 0000004c T gxCmdQueueClear
00109b98 000000f8 T gxCmdQueueAdd
00109c90 00000080 T gxCmdQueueRun
00109d10 00000060 T gxCmdQueueStop
00109d70 00000084 T gxCmdQueueWait
00109df4 0000013c T GPUCMD_Add
00109f30 000000b0 T GPUCMD_Split
00109fe0 00000040 T f32tof16
0010a020 00000040 T f32tof24
0010a060 00000044 T f32tof31
0010a0a4 00000074 T gspInit
0010a118 0000003c T gspExit
0010a154 00000034 T gspSetEventCallback
0010a188 000000a4 T gspInitEventHandler
0010a22c 00000040 T gspExitEventHandler
0010a26c 00000050 T gspWaitForEvent
0010a2bc 00000064 T gspWaitForAnyEvent
0010a320 00000178 t gspEventThreadMain
0010a498 00000124 T gspSubmitGxCommand
0010a5bc 0000006c T GSPGPU_SetBufferSwap
0010a628 0000004c T GSPGPU_FlushDataCache
0010a674 00000034 T GSPGPU_SetLcdForceBlack
0010a6a8 00000064 T GSPGPU_RegisterInterruptRelayQueue
0010a70c 0000002c T GSPGPU_UnregisterInterruptRelayQueue
0010a738 00000048 T GSPGPU_AcquireRight
0010a780 0000002c T GSPGPU_ReleaseRight
0010a7ac 00000080 T GSPGPU_ImportDisplayCaptureInfo
0010a82c 0000002c T GSPGPU_SaveVramSysArea
0010a858 0000002c T GSPGPU_RestoreVramSysArea
0010a884 00000004 W _aptDebug
0010a888 00000170 T aptSendCommand
0010a9f8 0000003c t aptExitProcess
0010aa34 00000030 T aptHook
0010aa64 00000030 T aptUnhook
0010aa94 00000050 T APT_InquireNotification
0010aae4 00000194 t aptEventHandler
0010ac78 00000074 T APT_AppletUtility
0010acec 000000b0 T aptSetSleepAllowed
0010ad9c 000000b4 T APT_GlanceParameter
0010ae50 000000c8 T APT_ReceiveParameter
0010af18 000000bc t aptReceiveParameter.constprop.0
0010afd8 000001e0 t aptScreenTransfer
0010b1b8 00000210 t aptWaitForWakeUp
0010b3c8 00000070 T APT_CancelParameter
0010b438 0000025c T aptInit
0010b694 00000088 t aptClearParamQueue
0010b71c 00000264 T aptMainLoop
0010b980 00000254 T aptExit
0010bbd4 0000007c T APT_CheckNew3DS
0010bc50 00000028 t hidCheckSectionUpdateTime.part.0
0010bc78 000000d0 T hidExit
0010bd48 000001d8 T hidScanInput
0010bf20 00000010 T hidKeysHeld
0010bf30 00000010 T hidKeysDown
0010bf40 00000090 T HIDUSER_GetHandles
0010bfd0 000001a4 T hidInit
0010c174 00000074 T ptmSysmInit
0010c1e8 0000003c T ptmSysmExit
0010c224 00000034 T PTMSYSM_ConfigureNew3DSCPU
0010c258 00000028 t fsSessionForArchive.part.0
0010c280 000000c4 T fsInit
0010c344 0000003c T fsExit
0010c380 00000064 T fsExemptFromSession
0010c3e4 0000005c T fsUnexemptFromSession
0010c440 000000bc T FSUSER_OpenFile
0010c4fc 000000d4 T FSUSER_OpenFileDirectly
0010c5d0 000000ac T FSUSER_DeleteFile
0010c67c 000000e8 T FSUSER_RenameFile
0010c764 000000ac T FSUSER_DeleteDirectory
0010c810 000000c4 T FSUSER_CreateFile
0010c8d4 000000b4 T FSUSER_CreateDirectory
0010c988 000000e8 T FSUSER_RenameDirectory
0010ca70 000000a0 T FSUSER_OpenDirectory
0010cb10 00000098 T FSUSER_OpenArchive
0010cba8 000000a0 T FSUSER_ControlArchive
0010cc48 00000078 T FSUSER_CloseArchive
0010ccc0 00000078 T FSUSER_GetSdmcArchiveResource
0010cd38 00000064 T FSUSER_IsSdmcWritable
0010cd9c 0000005c T FSFILE_Read
0010cdf8 00000064 T FSFILE_Write
0010ce5c 00000038 T FSFILE_GetSize
0010ce94 00000028 T FSFILE_SetSize
0010cebc 0000003c T FSFILE_Close
0010cef8 00000024 T FSFILE_Flush
0010cf1c 00000054 T FSDIR_Read
0010cf70 0000003c T FSDIR_Close
0010cfac 00000120 t iov_memmove
0010d0cc 000000cc t buffer_read
0010d198 000000d8 t iov_read
0010d270 000001c4 t decompress_rle
0010d434 00000268 t decompress_lzss
0010d69c 000002ec t decompress_huff.isra.0.part.0
0010d988 00000440 t decompress_lz11
0010ddc8 00000010 T decompressCallback_Stdio
0010ddd8 000000e8 T decompressHeader
0010dec0 0000023c T decompressV
0010e0fc 00000014 T rbtree_init
0010e110 000001a4 t do_insert
0010e2b4 00000008 T rbtree_insert
0010e2bc 00000090 T rbtree_rotate
0010e34c 00000334 T rbtree_remove
0010e680 00000074 T rbtree_find
0010e6f4 000000e8 T utf16_to_utf8
0010e7dc 00000060 T decode_utf16
0010e83c 000000c0 T utf8_to_utf16
0010e8fc 00000038 W __libctru_init
0010e934 00000034 t __libctru_nanosleep
0010e968 00000030 t __ctru_get_reent
0010e998 000000fc T __system_initSyscalls
0010ea94 00000100 W __system_allocateHeaps
0010eb94 000000f0 T __system_initArgv
0010ec84 T svcControlMemory
0010eca4 T svcExitProcess
0010ecac T svcCreateThread
0010eccc T svcExitThread
0010ecd4 T svcSleepThread
0010ecdc T svcReleaseMutex
0010ece4 T svcCreateEvent
0010ecf8 T svcSignalEvent
0010ed00 T svcClearEvent
0010ed08 T svcMapMemoryBlock
0010ed10 T svcUnmapMemoryBlock
0010ed18 T svcCreateAddressArbiter
0010ed2c T svcArbitrateAddress
0010ed44 T svcCloseHandle
0010ed4c T svcWaitSynchronization
0010ed54 T svcWaitSynchronizationN
0010ed7c T svcDuplicateHandle
0010ed90 T svcGetSystemTick
0010ed98 T svcGetSystemInfo
0010edb0 T svcConnectToPort
0010edc4 T svcSendSyncRequest
0010edcc T svcBreak
0010edd4 00000024 t addrMapNodeComparator(rbtree_node const*, rbtree_node const*)
0010edf8 00000004 t addrMapNodeDestructor(rbtree_node*)
0010edfc 000000e8 T mappableAlloc
0010eee4 00000054 T mappableFree
0010ef38 00000038 t LightLock_Unlock.part.0
0010ef70 0000000c T __sync_init
0010ef7c 00000018 T __sync_fini
0010ef94 00000010 T __sync_get_arbiter
0010efa4 00000018 T LightLock_Init
0010efbc 00000090 T LightLock_Lock
0010f04c 00000034 T LightLock_TryLock
0010f080 00000020 T LightLock_Unlock
0010f0a0 00000024 T RecursiveLock_Init
0010f0c4 00000030 T RecursiveLock_Lock
0010f0f4 00000058 T RecursiveLock_TryLock
0010f14c 00000038 T RecursiveLock_Unlock
0010f184 00000038 T LightEvent_Init
0010f1bc 0000007c T LightEvent_Clear
0010f238 000000dc T LightEvent_Signal
0010f314 000000c0 T LightEvent_Wait
0010f3d4 00000084 T envGetHandle
0010f458 0000004c T envDestroyHandles
0010f4a4 00000058 T srvExit
0010f4fc 00000038 T srvRegisterClient
0010f534 000000cc T srvInit
0010f600 00000080 T srvGetServiceHandleDirect
0010f680 00000048 T srvGetServiceHandle
0010f6c8 0000001c t threadFree.part.0
0010f6e4 00000180 T threadCreate
0010f864 00000024 T threadJoin
0010f888 00000068 T threadExit
0010f8f0 00000048 t _thread_begin
0010f938 000000ac T irrstScanInput
0010f9e4 00000024 T irrstKeysHeld
0010fa08 00000050 T IRRST_GetHandles
0010fa58 00000154 T irrstInit
0010fbac 0000002c T IRRST_Shutdown
0010fbd8 000000ac T irrstExit
0010fc84 0000000c T srvPmGetSessionHandle
0010fc90 00000050 T rbtree_node_next
0010fce0 00000068 T encode_utf16
0010fd48 00000104 T encode_utf8
0010fe4c 00000138 T decode_utf8
0010ff84 0000001c W __appInit
0010ffa0 0000001c W __appExit
0010ffbc 000000a0 W __libctru_exit
0011005c 00000014 t sdmc_link
00110070 00000014 t sdmc_dirreset
00110084 00000014 t sdmc_chmod
00110098 00000024 t error_cmp
001100bc 00000050 t sdmc_translate_error
0011010c 00000034 t sdmc_fsync
00110140 00000054 t sdmc_ftruncate
00110194 000000bc t sdmc_statvfs
00110250 00000038 t sdmc_dirclose
00110288 0000013c t sdmc_dirnext
001103c4 00000034 t sdmc_close
001103f8 00000070 t sdmc_fstat
00110468 000000d4 t sdmc_seek
0011053c 00000078 t sdmc_read
001105b4 000000ac t sdmc_write
00110660 000001b0 t sdmc_utf16path
00110810 00000074 t sdmc_rmdir
00110884 000000a4 t sdmc_diropen
00110928 000000ac t sdmc_chdir
001109d4 00000098 t sdmc_mkdir
00110a6c 00000108 t sdmc_rename
00110b74 00000074 t sdmc_unlink
00110be8 00000108 t sdmc_stat
00110cf0 00000198 t sdmc_open
00110e88 00000014 t sdmc_fchmod
00110e9c 00000168 T sdmcInit
00111004 00000060 T sdmcExit
00111064 T __aeabi_read_tp
00111070 00000244 T cosf
001112b4 00000024 t with_errnof
001112d8 0000001c T __math_invalidf
001112f8 0000026c T sinf
00111564 00000038 T __aeabi_d2lz
00111564 00000038 T __fixdfdi
001115a0 00000040 T __aeabi_d2ulz
001115a0 00000040 T __fixunsdfdi
001115e0 00000130 T __udivmoddi4
00111710 0000007c T bsearch
0011178c 00000028 T calloc
001117b4 00000094 T _calloc_r
00111848 0000000c T __errno
00111854 00000034 T exit
00111888 00000160 T _fclose_r
001119e8 00000020 T fclose
00111a08 00000278 T __sflush_r
00111c80 00000094 T _fflush_r
00111d14 00000038 T fflush
00111d4c 00000078 t std
00111dc4 0000000c T _cleanup_r
00111dd0 00000048 T __sfmoreglue
00111e18 0000008c T __sinit
00111ea4 0000010c T __sfp
00111fb0 0000000c T __sfp_lock_acquire
00111fbc 0000000c T __sfp_lock_release
00111fc8 0000003c T __libc_fini_array
00112004 00000138 T _fopen_r
0011213c 00000028 T fopen
00112164 000002e0 T _fread_r
00112444 00000038 T fread
0011247c 000000f8 T _malloc_trim_r
00112574 000002e8 T _free_r
0011285c 00000020 T _fseek_r
0011287c 000005ac T _fseeko_r
00112e28 00000068 T _fwalk
00112e90 00000070 T _fwalk_reent
00112f00 0000007c T __libc_init_array
00112f7c 00000034 T iprintf
00112fb0 00000094 T __swhatbuf_r
00113044 000000f8 T __smakebuf_r
0011313c 00000028 T memalign
00113164 0000014c T _memalign_r
001132b0 00000020 T malloc
001132d0 00000020 T free
001132f0 000007d0 T _malloc_r
00113ac0 000000e0 T memchr
00113ba0 000000a0 T memcmp
00113c40 00000120 T memcpy
00113d60 00000118 T memset
00113e78 0000000c T __malloc_lock
00113e84 0000000c T __malloc_unlock
00113e90 00000034 T printf
00113ec4 0000001c t lflush
00113ee0 000001ac T __srefill_r
0011408c 00000260 T setvbuf
001142ec 00000074 T sscanf
00114360 0000003c T __sread
0011439c 00000008 T __seofread
001143a4 00000068 T __swrite
0011440c 00000058 T __sseek
00114464 00000008 T __sclose
0011446c 00000144 T strchr
001145b0 0000005c T strlen
0011460c 00000098 T strncat
001146a4 000000ec T strncmp
00114790 000000c0 T strncpy
00114850 00000048 T strnlen
00114898 00000048 t get_arg
001148e0 00002b84 T __ssvfscanf_r
00117464 0000003c T time
001174a0 00000650 t get_arg
00117af0 00000034 T __sprint_r
00117b24 0000256c T _vfiprintf_r
0011a090 000000d4 t __sbprintf
0011a164 00000650 t get_arg
0011a7b8 000038e0 T _vfprintf_r
0011e098 000000d4 t __sbprintf
0011e16c 00000054 T _wcrtomb_r
0011e1c0 00000020 T _wcsrtombs_r
0011e1e0 00000150 T __swsetup_r
0011e330 00000118 T __call_exitprocs
0011e448 000001a8 t quorem
0011e5f0 000012ac T _dtoa_r
0011f89c 000000c8 T __sflags
0011f964 000004a4 T __sfvwrite_r
0011fe08 00000008 T iswspace
0011fe10 0000000c T _localeconv_r
0011fe1c 00000010 T __locale_mb_cur_max
0011fe2c 00000060 T _mbrtowc_r
0011fe8c 000002fc T __utf8_mbtowc
00120188 00000154 T memmove
001202dc 00000088 T _Balloc
00120364 0000001c T _Bfree
00120380 000000d0 T __multadd
00120450 000000ec T __s2b
0012053c 00000058 T __hi0bits
00120594 0000009c T __lo0bits
00120630 00000020 T __i2b
00120650 000001e0 T __multiply
00120830 00000100 T __pow5mult
00120930 00000114 T __lshift
00120a44 00000058 T __mcmp
00120a9c 00000190 T __mdiff
00120c2c 00000088 T __ulp
00120cb4 000000d4 T __b2d
00120d88 00000104 T __d2b
00120e8c 00000084 T __ratio
00120f10 0000006c T __copybits
00120f7c 0000005c T __any_on
00120fd8 00000028 T realloc
00121000 000004bc T _realloc_r
001214bc 000000e8 T __sccl
001215a4 0000000c T nanf
001215b0 000000a8 T frexp
00121658 00000064 T sprintf
001216bc 000000b8 T stpncpy
00121774 00000054 t sulp
001217c8 00001414 T _strtod_l
00122bdc 0000000c T _strtod_r
00122be8 0000023c t _strtoll_l.isra.0
00122e24 00000004 T _strtoll_r
00122e28 000001b4 t _strtol_l.isra.0
00122fdc 00000004 T _strtol_r
00122fe0 0000024c t _strtoull_l.isra.0
0012322c 00000004 T _strtoull_r
00123230 000001c8 t _strtoul_l.isra.0
001233f8 00000004 T _strtoul_r
001233fc 00000188 T __ssprint_r
00123584 000000e0 T _sungetc_r
00123664 0000006c T __ssrefill_r
001236d0 000000c8 T _sfread_r
00123798 00000650 t get_arg
00123de8 00003814 T _svfprintf_r
001275fc 000000a8 T __submore
001276a4 00000190 T _wcsnrtombs_l
00127834 00000048 T _wcsnrtombs_r
0012787c 000000f0 T __utf8_wctomb
0012796c 000000ec t rshift
00127a58 00000828 T __gethex
00128280 00000060 T __match
001282e0 0000028c T __hexnan
0012856c 0000003c T iswspace_l
001285a8 000001e0 t __jp2uc
00128788 00000094 T _jp2uc_l
00128820 00000010 T nan
00128830 00000088 T category
001288b8 00000008 t null_write
001288c0 00000018 T setDefaultDevice
001288d8 000000c8 T FindDevice
001289a0 00000028 T RemoveDevice
001289c8 0000009c T AddDevice
00128a64 00000078 T _fstat_r
00128adc 00000038 T _gettimeofday_r
00128b14 00000008 T _isatty_r
00128b1c 00000084 T _lseek_r
00128ba0 000000c4 T _open_r
00128c64 00000080 T _read_r
00128ce4 00000078 T _sbrk_r
00128d5c 00000080 T _write_r
00128ddc 00000024 T _exit
00128e00 000001bc T _concatenate_path
00128fbc 0000015c T chdir
00129118 00000008 T __flockfile
00129120 00000008 T __funlockfile
00129128 00000018 T __libc_lock_acquire
00129140 00000018 T __libc_lock_release
00129158 00000018 T __libc_lock_init_recursive
00129170 00000018 T __libc_lock_acquire_recursive
00129188 00000018 T __libc_lock_release_recursive
001291a0 00000018 T __libc_lock_close_recursive
001291b8 0000008c T __release_handle
00129244 000000b4 T __alloc_handle
001292f8 0000003c T __get_handle
00129334 000000f8 T _close_r
0012942c 00000028 T __getreent
00129454 00000044 T strrchr
00129498 T _fini
0012a000 R render2d_shbin
0012a18c R render2d_shbin_end
0012a18c R render2d_shbin_size
0012a19c R default_font_bin
0012a99c R default_font_bin_end
0012a99c R default_font_bin_size
0012aa88 00000038 r CSWTCH.11
0012aac0 00000005 r colorFmtSizes
0012aac8 00000004 r depthFmtSizes
0012aacc 00000010 r CSWTCH.7
0012ab78 00000030 r colorTable
0012aba8 00000070 r dotab_stdout
0012ac18 00000014 r CSWTCH.62
0012ac2c 00000008 r framebufferInfoSt
0012aca4 00000030 r error_table
0012acd4 00000060 R __inv_pio4
0012ad38 000000e0 R __sincosf_table
0012ae18 00000004 R _global_impure_ptr
0012ae24 00000022 r basefix.8820
0012ae70 00000010 r blanks.8759
0012ae80 00000010 r zeroes.8760
0012aea4 00000010 r blanks.8791
0012aeb4 00000010 r zeroes.8792
0012aec4 00000101 R _ctype_
0012afd8 r .LC2
0012b020 00000028 R __mprec_bigtens
0012b048 000000c8 R __mprec_tens
0012b110 0000000c r p05.7510
0012b12c 00000014 r fpi.7590
0012b140 00000014 r fpinan.7626
0012b158 00000028 r tinytens
0012b180 0000006c R __action_table
0012b1ec 00000100 R __chclass
0012b2ec 0000006c R __state_table
0012b358 00000010 r blanks.8776
0012b368 00000010 r zeroes.8777
0012b378 00000100 R __hexdig
0012b48c 000000bc r a1
0012b548 000000bc r a2
0012b604 0000005b r a3
0012b660 00000070 r a6
0012b6d0 000000a2 r a7
0012b774 00000040 r a8
0012b7b4 0000172a r b02cf
0012cee0 00001a7c r d02f4
0012e95c 0000000c R _C_numeric_locale
0012e968 0000309c r categories
00131a0c 00000070 R dotab_stdnull
00131a7c r 
00131a7c R __exidx_end
00131a7c R __exidx_start
00132000 W __stacksize__
00132004 00000004 d framerate
00132008 00000008 d framerateCounter
00132010 00000070 d romFS_devoptab
00132080 00000004 D currentConsole
00132084 0000004c D defaultConsole
001320d0 00000001 d firstConsoleInit.8429
001320d1 00000001 d botFormat
001320d4 00000008 d doubleBuf
001320dc 00000001 d topFormat
001320e0 00000004 d queueLock
001320e4 00000004 d gspLastEvent
001320e8 00000004 d aptFlags
001320ec 00000001 d aptHomeAllowed
001320f0 00000004 V __ctru_linear_heap_size
001320f4 00000401 d __cwd
001324f8 00000070 d sdmc_devoptab
00132568 0000000c d __sfp_recursive_mutex
00132574 0000000c d __sinit_recursive_mutex
00132580 00000004 D _impure_ptr
00132588 00000460 d impure_data
001329e8 00000408 D __malloc_av_
00132df0 00000004 D __malloc_sbrk_base
00132df4 00000004 D __malloc_trim_threshold
00132df8 0000000c d __malloc_recursive_mutex
00132e04 0000000c D __atexit_recursive_mutex
00132e10 0000016c D __global_locale
00132f7c 00000002 d numempty
00132f80 00000004 d defaultDevice
00132f84 0000008c D devoptab_list
00133010 00000400 d _current_working_directory
00133410 00000004 d __hndl_lock
00133414 0000000c d __stderr_handle
00133420 0000000c d __stdin_handle
0013342c 0000000c d __stdout_handle
00133438 00001000 d handles
00134438 t __frame_dummy_init_array_entry
00134438 T __init_array_start
00134438 B __preinit_array_end
00134438 B __preinit_array_start
00134438 D __tdata_lma
00134438 D __tdata_lma_end
00134438 D __TMC_END__
00134438 d __TMC_LIST__
0013443c t __do_global_dtors_aux_fini_array_entry
0013443c T __fini_array_start
0013443c T __init_array_end
00134440 T __bss_start__
00134440 T __fini_array_end
00134440 b saved_stack
00134448 b completed.10434
0013444c b object.10439
00134464 00000040 b s_projBot
001344a4 00000040 b s_projTop
001344e4 00000004 b uLoc_mdlvMtx
001344e8 00000004 b uLoc_projMtx
001344ec 0000000c b hookCookie
001344f8 00000010 b cpuTime
00134508 00000004 b firstTarget
0013450c 00000008 b frameCounter
00134514 00000004 b frameEndCb
00134518 00000004 b frameEndCbData
0013451c 00000001 b frameStage
00134520 00000010 b gpuTime
00134530 00000001 b inFrame
00134531 00000001 b inSafeTransfer
00134532 00000001 b initialized
00134534 00000004 b lastTarget
00134538 0000000c b linkedTarget
00134544 00000001 b measureGpuTime
00134548 000000c0 b C3Di_FVUnifEverDirty
00134608 00000008 b C3Di_IVUnifEverDirty
00134610 00000018 b C3Di_ShaderFVecData
00134628 0000000c b sAddrMap
00134634 00000008 b sVramPool
0013463c 00000008 b sLinearPool
00134644 0000000c b sAddrMap
00134650 00000401 b __component
00134a54 00000004 V __romfs_path
00134a58 00000802 b __utf16path
0013525c 00000004 b romfs_mount_list
00135260 00000001 V __ctru_speedup
00135264 00000002 b currentBuffer
00135266 00000001 b enable3d
00135268 00000004 b screenAlloc
0013526c 00000004 b screenFree
00135270 00000004 b boundQueue
00135274 00000004 b curQueue
00135278 00000001 b isActive
00135279 00000001 b isRunning
0013527a 00000001 b shouldStop
0013527c 00000004 b gspEvent
00135280 0000001c b gspEventCb
0013529c 0000001c b gspEventCbData
001352b8 00000007 b gspEventCbOneShot
001352c0 0000001c b gspEventCounts
001352dc 00000004 b gspEventData
001352e0 00000004 b gspEventThread
001352e4 00000038 b gspEvents
0013531c 00000004 b gspRefCount
00135320 00000001 b gspRunEvents
00135321 00000001 b aptChainloadMediatype
00135328 00000008 b aptChainloadTid
00135330 00000004 b aptEventHandlerThread
00135334 0000000c b aptEvents
00135340 0000000c b aptFirstHook
0013534c 00000001 b aptHomeButtonState
00135350 00000004 b aptLockHandle
00135354 00000004 b aptMessageFunc
00135358 00000004 b aptMessageFuncData
0013535c 00001000 b aptParameters
0013635c 00000001 b aptRecentHomeButtonState
00136360 00000004 b aptRefCount
00136364 00000008 b aptSleepEvent
0013636c 00000001 b flagInit.8300
0013636d 00000001 b flagValue.8301
00136370 00000004 b serviceName.7930
00136374 00000006 b aVec
0013637c 00000004 b cPos
00136380 00000006 b gRate
00136388 00000004 b hidRefCount
0013638c 00000004 b kDown
00136390 00000004 b kHeld
00136394 00000004 b kOld
00136398 00000004 b kUp
0013639c 00000004 b tPos
001363a0 00000004 b ptmSysmHandle
001363a4 00000004 b ptmSysmRefCount
001363a8 00000080 b fsExemptArchives
00136428 00000004 b fsuHandle
0013642c 00000004 b fsuRefCount
00136430 00000004 V __ctru_heap_size
00136434 00000008 b sMappablePool
0013643c 0000000c b sAddrMap
00136448 00000004 b arbiter
0013644c 00000004 b srvHandle
00136450 00000004 b srvRefCount
00136454 00000004 b csPos
00136458 00000004 b irrstRefCount
0013645c 00000004 b kHeld
00136460 00000004 b srvPmHandle
00136468 00000008 b sdmcArchive
00136470 00000001 b sdmcInitialised
00136474 00000028 B __malloc_current_mallinfo
0013649c 00000004 B __malloc_max_sbrked_mem
001364a0 00000004 B __malloc_max_total_mem
001364a4 00000004 B __malloc_top_pad
001364a8 00000004 b heap_start.7420
001364ac 00000004 B fake_heap_end
001364b0 00000004 B fake_heap_start
001364b4 00000400 b temp_cwd
001368b4 00000048 B __syscalls
00136900 000005a0 B __C2Di_Context
00136ea0 000002d0 B __C3D_Context
00137170 00000020 B C3D_IVUnif
00137190 000000c0 B C3D_FVUnifDirty
00137250 00000002 B C3D_BoolUnifsDirty
00137254 00000008 B C3D_IVUnifDirty
0013725c 00000004 B C3D_BoolUnifs
00137260 00000c00 B C3D_FVUnif
00137e60 0000004c B currentCopy
00137eac 00000008 B gfxBottomFramebuffers
00137eb4 00000004 B gspSharedMemHandle
00137eb8 0000001c B bottomFramebufferInfo
00137ed4 00000004 B gspEvent
00137ed8 00000008 B gfxTopLeftFramebuffers
00137ee0 00000008 B gfxTopRightFramebuffers
00137ee8 0000001c B topFramebufferInfo
00137f04 00000001 B gfxThreadID
00137f08 00000004 B gfxSharedMemory
00137f0c 00000004 B gfxTopFramebufferMaxSize
00137f10 00000004 B gfxBottomFramebufferMaxSize
00137f14 00000004 B gxCmdBuf
00137f18 00000004 B gpuCmdBuf
00137f1c 00000004 B gpuCmdBufOffset
00137f20 00000004 B gpuCmdBufSize
00137f24 00000004 B gspGpuHandle
00137f28 00000004 B hidMemHandle
00137f2c 00000004 B hidHandle
00137f30 00000004 B hidSharedMem
00137f34 00000014 B hidEvents
00137f48 00000004 B __system_retAddr
00137f4c 00000004 B __ctru_linear_heap
00137f50 00000004 B __ctru_heap
00137f54 00000004 B __system_argv
00137f58 00000004 B __system_argc
00137f5c 00000004 B irrstHandle
00137f60 00000004 B irrstEvent
00137f64 00000004 B irrstMemHandle
00137f68 00000004 B irrstSharedMem
00137f6c B __tls_start
00139378 B __bss_end__
00139378 A __end__
00139378 B __tls_end
