         w __deregister_frame_info
         w _ITM_deregisterTMCloneTable
         w _ITM_registerTMCloneTable
         w __register_frame_info
00000000 00000401 b __fixedpath
00000000 b .LANCHOR1
00000000 a shift
00000000 a shift
00000000 b _TLS_MODULE_BASE_
00000404 b .LANCHOR3
00000404 00000802 b __utf16path
00000c08 b .LANCHOR5
00000c08 00000802 b __utf16path_old.8583
00100000 A __start__
00100000 T _start
00100008 T __service_ptr
0010000c T __apt_appid
00100010 T __heap_size
00100014 T __linear_heap_size
00100018 T __system_arglist
0010001c T __system_runflags
00100020 t startup
00100058 t ClearMem
0010006c t ClrLoop
00100094 T _init
001000ac T initSystem
001000f0 T __ctru_exit
00100110 T __aeabi_uidiv
00100110 000001ec T __udivsi3
00100110 t .udivsi3_skip_div0_test
001002fc 00000020 T __aeabi_uidivmod
0010031c T __aeabi_idiv
0010031c 00000220 T __divsi3
00100324 t .divsi3_skip_div0_test
0010053c 00000020 T __aeabi_idivmod
0010055c 00000004 W __aeabi_idiv0
0010055c 00000004 W __aeabi_ldiv0
00100560 T __aeabi_drsub
00100568 000002b0 T __aeabi_dsub
00100568 000002b0 T __subdf3
0010056c 000002ac T __adddf3
0010056c 000002ac T __aeabi_dadd
00100818 00000024 T __aeabi_ui2d
00100818 00000024 T __floatunsidf
0010083c 00000028 T __aeabi_i2d
0010083c 00000028 T __floatsidf
00100864 00000048 T __aeabi_f2d
00100864 00000048 T __extendsfdf2
001008ac 00000074 T __aeabi_ul2d
001008ac 00000074 T __floatundidf
001008c0 00000060 T __aeabi_l2d
001008c0 00000060 T __floatdidf
00100920 T __aeabi_uldivmod
00100968 00000390 T strcmp
00100cf0 t deregister_tm_clones
00100d1c t register_tm_clones
00100d54 t __do_global_dtors_aux
00100d98 t frame_dummy
00100dcc 000001f8 T init
00100fc8 00000968 T main
00101930 00000330 T C2D_Init
00101c60 00000044 T C2D_Fini
00101ca4 000000c8 T C2D_Prepare
00101d6c 0000010c T C2D_SceneSize
00101e78 00000044 T C2D_CreateScreenTarget
00101ebc 0000013c T C2Di_CalcQuad
00101ff8 00000030 T C2Di_FlushVtxBuf
00102028 00000020 t C2Di_FrameEndHook
00102048 00000018 T C2D_Flush
00102060 00000030 T C2D_TargetClear
00102090 00000210 T C2Di_Update
001022a0 000002ec T C2D_DrawImage
0010258c 0000006c T C2D_SpriteSheetLoadFromHandle
001025f8 00000034 T C2D_SpriteSheetLoad
0010262c 00000028 T C2D_SpriteSheetFree
00102654 00000028 T C2D_SpriteSheetGetImage
0010267c 000000c4 t C3Di_SplitFrame.part.1
00102740 00000004 W C3Di_LightEnvUpdate
00102744 00000004 W C3Di_LightEnvDirty
00102748 000000ac t C3Di_AptEventHook
001027f4 00000004 W C3Di_GasUpdate
001027f8 0000021c T C3D_Init
00102a14 00000098 T C3D_SetViewport
00102aac 0000050c T C3Di_UpdateContext
00102fb8 00000020 T C3Di_SplitFrame
00102fd8 00000064 T C3D_Fini
0010303c 00000114 T C3D_BindProgram
00103150 00000054 t C3Di_RenderQueueInit
001031a4 00000080 t C3Di_RenderTargetDestroy
00103224 000000ac t onVBlank1
001032d0 0000013c t onVBlank0
0010340c 0000000c t C3Di_RenderTargetNew
00103418 0000007c t C3Di_WaitAndClearQueue
00103494 000000c0 t onQueueFinish
00103554 00000044 t C3D_FrameSplit.part.6
00103598 00000030 T C3D_FrameSync
001035c8 000000a0 T C3Di_RenderQueueExit
00103668 00000020 T C3Di_RenderQueueWaitDone
00103688 0000007c T C3D_FrameBegin
00103704 00000048 T C3D_FrameDrawOn
0010374c 00000018 T C3D_FrameSplit
00103764 00000164 T C3D_FrameEnd
001038c8 0000001c T C3D_FrameEndHook
001038e4 00000018 T C3D_GetDrawingTime
001038fc 00000018 T C3D_GetProcessingTime
00103914 0000017c T C3D_RenderTargetCreate
00103a90 0000004c T C3D_RenderTargetSetOutput
00103adc 000000b4 T C3D_SyncTextureCopy
00103b90 00000284 T C3D_TexInitWithParams
00103e14 000000dc T C3D_TexLoadImage
00103ef0 00000048 T C3D_TexBind
00103f38 0000007c T C3D_TexDelete
00103fb4 00000174 T C3Di_SetTex
00104128 000003e8 t Tex3DSi_ImportCommon
00104510 00000034 T Tex3DS_TextureImportStdio
00104544 0000001c T Tex3DS_GetSubTexture
00104560 00000004 T Tex3DS_TextureFree
00104564 0000001c T C3D_CalcColorBufSize
00104580 0000001c T C3D_CalcDepthBufSize
0010459c 00000044 T C3D_SetFrameBuf
001045e0 00000168 T C3Di_FrameBufBind
00104748 000000c8 T C3D_FrameBufClear
00104810 00000048 T C3D_FrameBufTransfer
00104858 00000034 T C3D_GetTexEnv
0010488c 00000024 T C3Di_TexEnvBind
001048b0 0000006c T C3D_ProcTexInit
0010491c 00000050 T C3D_ProcTexBind
0010496c 00000060 T C3D_ProcTexLutBind
001049cc 000000a4 T ProcTexLut_FromArray
00104a70 00000174 T C3Di_ProcTexUpdate
00104be4 00000068 T C3Di_ProcTexDirty
00104c4c 00000024 T BufInfo_Init
00104c70 00000084 T BufInfo_Add
00104cf4 00000040 T C3D_SetBufInfo
00104d34 00000048 T C3Di_BufInfoBind
00104d7c 00000148 T C3D_DrawArrays
00104ec4 00000040 T C3D_DepthMap
00104f04 0000001c T C3D_CullFace
00104f20 00000040 T C3D_StencilTest
00104f60 00000024 T C3D_StencilOp
00104f84 0000001c T C3D_BlendingColor
00104fa0 00000024 T C3D_EarlyDepthTest
00104fc4 0000002c T C3D_DepthTest
00104ff0 0000002c T C3D_AlphaTest
0010501c 00000050 T C3D_AlphaBlend
0010506c 00000030 T C3D_FragOpMode
0010509c 00000044 T C3D_FragOpShadow
001050e0 000001ac T C3Di_EffectBind
0010528c 00000028 T AttrInfo_Init
001052b4 000000a0 T AttrInfo_AddLoader
00105354 00000054 T C3D_SetAttrInfo
001053a8 00000080 T C3Di_AttrInfoBind
00105428 000000a4 T C3D_ImmSendAttrib
001054cc 000002b8 T C3D_UpdateUniforms
00105784 000000c0 T C3Di_DirtyUniforms
00105844 000000e0 T C3Di_LoadShaderUniforms
00105924 00000028 T C3Di_ClearShaderUniforms
0010594c 000000cc T Mtx_Ortho
00105a18 000000cc T Mtx_OrthoTilt
00105ae4 00000024 t addrMapNodeComparator(rbtree_node const*, rbtree_node const*)
00105b08 00000004 t addrMapNodeDestructor(rbtree_node*)
00105b0c 00000114 T vramMemAlign
00105c20 00000008 T vramAlloc
00105c28 00000054 T vramFree
00105c7c 00000024 t addrMapNodeComparator(rbtree_node const*, rbtree_node const*)
00105ca0 00000004 t addrMapNodeDestructor(rbtree_node*)
00105ca4 00000124 T linearMemAlign
00105dc8 00000008 T linearAlloc
00105dd0 00000054 T linearFree
00105e24 0000008c T MemPool::CoalesceRight(MemBlock*)
00105eb0 00000174 T MemPool::Allocate(MemChunk&, unsigned long, int)
00106024 000000fc T MemPool::Deallocate(MemChunk const&)
00106120 00000008 t romfs_close
00106128 000000d4 t romfs_seek
001061fc 00000024 t romfs_dirreset
00106220 00000078 t romfs_fstat
00106298 00000054 t _romfs_read_chk
001062ec 000000cc t romfs_read
001063b8 0000007c t romfs_free
00106434 0000016c t romfsMountCommon
001065a0 00000254 t romfs_dirnext
001067f4 000000bc t romfsInitMtime.isra.0
001068b0 000000b4 t searchForFile.constprop.0
00106964 000000b8 t searchForDir.constprop.0
00106a1c 000001c4 t navigateToDir.constprop.0
00106be0 0000011c t romfs_open
00106cfc 00000204 t romfs_stat
00106f00 00000054 t romfs_chdir
00106f54 00000078 t romfs_diropen
00106fcc 00000008 t romfs_dirclose
00106fd4 00000344 T romfsMount
00107318 00000078 T romfsUnmount
00107390 00000058 t getSysTime
001073e8 00000028 t __ctru_speedup_config.part.0
00107410 0000004c T osConvertVirtToPhys
0010745c 00000024 T osGetMemRegionUsed
00107480 00000128 T __libctru_gtod
001075a8 00000038 T osTickCounterRead
001075e0 00000018 T __ctru_speedup_config
001075f8 000001b8 T consoleDrawChar
001077b0 00000124 T consolePrintChar
001078d4 0000015c t consoleCls
00107a30 00000104 T consoleInit
00107b34 0000010c t consoleClearLine
00107c40 000000c4 t newRow
00107d04 000007cc T con_write
001084d0 0000000c T consoleClear
001084dc 0000008c t gfxSetFramebufferInfo.part.0
00108568 0000006c t gfxSetFramebufferInfo
001085d4 00000058 t gfxGetFramebuffer.part.0
0010862c 00000010 T gfxIs3D
0010863c 00000018 T __get_bytes_per_pixel
00108654 00000184 T gfxSetScreenFormat
001087d8 00000010 T gfxSetDoubleBuffering
001087e8 00000214 T gfxInit
001089fc 00000010 T gfxInitDefault
00108a0c 000000e0 T gfxExit
00108aec 00000064 T gfxGetFramebuffer
00108b50 000000cc T gfxFlushBuffers
00108c1c 000000f4 T gfxConfigScreen
00108d10 00000020 T gfxSwapBuffersGpu
00108d30 000001f0 T shaderInstanceInit
00108f20 00000034 T shaderInstanceFree
00108f54 00000018 T shaderInstanceGetUniformLocation
00108f6c 00000018 T shaderProgramInit
00108f84 0000002c T shaderProgramFree
00108fb0 0000006c T shaderProgramSetVsh
0010901c 000008b4 T shaderProgramConfigure
001098d0 000001f8 t DVLE_GenerateOutmap.part.0
00109ac8 000001c8 T DVLB_ParseFile
00109c90 00000038 T DVLB_Free
00109cc8 00000078 T DVLE_GetUniformRegister
00109d40 00000038 t submitGxCommand
00109d78 00000010 T GX_BindQueue
00109d88 00000050 T GX_ProcessCommandList
00109dd8 00000054 T GX_MemoryFill
00109e2c 00000048 T GX_DisplayTransfer
00109e74 0000004c T GX_TextureCopy
00109ec0 00000074 t gxCmdQueueDoCommands.part.0
00109f34 000000c8 T gxCmdQueueInterrupt
00109ffc 0000004c T gxCmdQueueClear
0010a048 000000f8 T gxCmdQueueAdd
0010a140 00000080 T gxCmdQueueRun
0010a1c0 00000060 T gxCmdQueueStop
0010a220 00000084 T gxCmdQueueWait
0010a2a4 0000013c T GPUCMD_Add
0010a3e0 000000b0 T GPUCMD_Split
0010a490 00000040 T f32tof16
0010a4d0 00000040 T f32tof24
0010a510 00000044 T f32tof31
0010a554 00000074 T gspInit
0010a5c8 0000003c T gspExit
0010a604 00000034 T gspSetEventCallback
0010a638 000000a4 T gspInitEventHandler
0010a6dc 00000040 T gspExitEventHandler
0010a71c 00000050 T gspWaitForEvent
0010a76c 00000064 T gspWaitForAnyEvent
0010a7d0 00000178 t gspEventThreadMain
0010a948 00000124 T gspSubmitGxCommand
0010aa6c 0000006c T GSPGPU_SetBufferSwap
0010aad8 0000004c T GSPGPU_FlushDataCache
0010ab24 00000034 T GSPGPU_SetLcdForceBlack
0010ab58 00000064 T GSPGPU_RegisterInterruptRelayQueue
0010abbc 0000002c T GSPGPU_UnregisterInterruptRelayQueue
0010abe8 00000048 T GSPGPU_AcquireRight
0010ac30 0000002c T GSPGPU_ReleaseRight
0010ac5c 00000080 T GSPGPU_ImportDisplayCaptureInfo
0010acdc 0000002c T GSPGPU_SaveVramSysArea
0010ad08 0000002c T GSPGPU_RestoreVramSysArea
0010ad34 00000004 W _aptDebug
0010ad38 00000170 T aptSendCommand
0010aea8 0000003c t aptExitProcess
0010aee4 00000030 T aptHook
0010af14 00000030 T aptUnhook
0010af44 00000050 T APT_InquireNotification
0010af94 00000194 t aptEventHandler
0010b128 00000074 T APT_AppletUtility
0010b19c 000000b0 T aptSetSleepAllowed
0010b24c 000000b4 T APT_GlanceParameter
0010b300 000000c8 T APT_ReceiveParameter
0010b3c8 000000bc t aptReceiveParameter.constprop.0
0010b488 000001e0 t aptScreenTransfer
0010b668 00000210 t aptWaitForWakeUp
0010b878 00000070 T APT_CancelParameter
0010b8e8 0000025c T aptInit
0010bb44 00000088 t aptClearParamQueue
0010bbcc 00000264 T aptMainLoop
0010be30 00000254 T aptExit
0010c084 0000007c T APT_CheckNew3DS
0010c100 00000028 t hidCheckSectionUpdateTime.part.0
0010c128 000000d0 T hidExit
0010c1f8 000001d8 T hidScanInput
0010c3d0 00000010 T hidKeysHeld
0010c3e0 00000010 T hidKeysDown
0010c3f0 00000090 T HIDUSER_GetHandles
0010c480 000001a4 T hidInit
0010c624 00000074 T ptmSysmInit
0010c698 0000003c T ptmSysmExit
0010c6d4 00000034 T PTMSYSM_ConfigureNew3DSCPU
0010c708 00000028 t fsSessionForArchive.part.0
0010c730 000000c4 T fsInit
0010c7f4 0000003c T fsExit
0010c830 00000064 T fsExemptFromSession
0010c894 0000005c T fsUnexemptFromSession
0010c8f0 000000bc T FSUSER_OpenFile
0010c9ac 000000d4 T FSUSER_OpenFileDirectly
0010ca80 000000ac T FSUSER_DeleteFile
0010cb2c 000000e8 T FSUSER_RenameFile
0010cc14 000000ac T FSUSER_DeleteDirectory
0010ccc0 000000c4 T FSUSER_CreateFile
0010cd84 000000b4 T FSUSER_CreateDirectory
0010ce38 000000e8 T FSUSER_RenameDirectory
0010cf20 000000a0 T FSUSER_OpenDirectory
0010cfc0 00000098 T FSUSER_OpenArchive
0010d058 000000a0 T FSUSER_ControlArchive
0010d0f8 00000078 T FSUSER_CloseArchive
0010d170 00000078 T FSUSER_GetSdmcArchiveResource
0010d1e8 00000064 T FSUSER_IsSdmcWritable
0010d24c 0000005c T FSFILE_Read
0010d2a8 00000064 T FSFILE_Write
0010d30c 00000038 T FSFILE_GetSize
0010d344 00000028 T FSFILE_SetSize
0010d36c 0000003c T FSFILE_Close
0010d3a8 00000024 T FSFILE_Flush
0010d3cc 00000054 T FSDIR_Read
0010d420 0000003c T FSDIR_Close
0010d45c 00000120 t iov_memmove
0010d57c 000000cc t buffer_read
0010d648 000000d8 t iov_read
0010d720 000001c4 t decompress_rle
0010d8e4 00000268 t decompress_lzss
0010db4c 000002ec t decompress_huff.isra.0.part.0
0010de38 00000440 t decompress_lz11
0010e278 00000010 T decompressCallback_Stdio
0010e288 000000e8 T decompressHeader
0010e370 0000023c T decompressV
0010e5ac 00000014 T rbtree_init
0010e5c0 000001a4 t do_insert
0010e764 00000008 T rbtree_insert
0010e76c 00000090 T rbtree_rotate
0010e7fc 00000334 T rbtree_remove
0010eb30 00000074 T rbtree_find
0010eba4 000000e8 T utf16_to_utf8
0010ec8c 00000060 T decode_utf16
0010ecec 000000c0 T utf8_to_utf16
0010edac 00000038 W __libctru_init
0010ede4 00000034 t __libctru_nanosleep
0010ee18 00000030 t __ctru_get_reent
0010ee48 000000fc T __system_initSyscalls
0010ef44 00000100 W __system_allocateHeaps
0010f044 000000f0 T __system_initArgv
0010f134 T svcControlMemory
0010f154 T svcExitProcess
0010f15c T svcCreateThread
0010f17c T svcExitThread
0010f184 T svcSleepThread
0010f18c T svcReleaseMutex
0010f194 T svcCreateEvent
0010f1a8 T svcSignalEvent
0010f1b0 T svcClearEvent
0010f1b8 T svcMapMemoryBlock
0010f1c0 T svcUnmapMemoryBlock
0010f1c8 T svcCreateAddressArbiter
0010f1dc T svcArbitrateAddress
0010f1f4 T svcCloseHandle
0010f1fc T svcWaitSynchronization
0010f204 T svcWaitSynchronizationN
0010f22c T svcDuplicateHandle
0010f240 T svcGetSystemTick
0010f248 T svcGetSystemInfo
0010f260 T svcConnectToPort
0010f274 T svcSendSyncRequest
0010f27c T svcBreak
0010f284 00000024 t addrMapNodeComparator(rbtree_node const*, rbtree_node const*)
0010f2a8 00000004 t addrMapNodeDestructor(rbtree_node*)
0010f2ac 000000e8 T mappableAlloc
0010f394 00000054 T mappableFree
0010f3e8 00000038 t LightLock_Unlock.part.0
0010f420 0000000c T __sync_init
0010f42c 00000018 T __sync_fini
0010f444 00000010 T __sync_get_arbiter
0010f454 00000018 T LightLock_Init
0010f46c 00000090 T LightLock_Lock
0010f4fc 00000034 T LightLock_TryLock
0010f530 00000020 T LightLock_Unlock
0010f550 00000024 T RecursiveLock_Init
0010f574 00000030 T RecursiveLock_Lock
0010f5a4 00000058 T RecursiveLock_TryLock
0010f5fc 00000038 T RecursiveLock_Unlock
0010f634 00000038 T LightEvent_Init
0010f66c 0000007c T LightEvent_Clear
0010f6e8 000000dc T LightEvent_Signal
0010f7c4 000000c0 T LightEvent_Wait
0010f884 00000084 T envGetHandle
0010f908 0000004c T envDestroyHandles
0010f954 00000058 T srvExit
0010f9ac 00000038 T srvRegisterClient
0010f9e4 000000cc T srvInit
0010fab0 00000080 T srvGetServiceHandleDirect
0010fb30 00000048 T srvGetServiceHandle
0010fb78 0000001c t threadFree.part.0
0010fb94 00000180 T threadCreate
0010fd14 00000024 T threadJoin
0010fd38 00000068 T threadExit
0010fda0 00000048 t _thread_begin
0010fde8 000000ac T irrstScanInput
0010fe94 00000024 T irrstKeysHeld
0010feb8 00000050 T IRRST_GetHandles
0010ff08 00000154 T irrstInit
0011005c 0000002c T IRRST_Shutdown
00110088 000000ac T irrstExit
00110134 0000000c T srvPmGetSessionHandle
00110140 00000050 T rbtree_node_next
00110190 00000068 T encode_utf16
001101f8 00000104 T encode_utf8
001102fc 00000138 T decode_utf8
00110434 0000001c W __appInit
00110450 0000001c W __appExit
0011046c 000000a0 W __libctru_exit
0011050c 00000014 t sdmc_link
00110520 00000014 t sdmc_dirreset
00110534 00000014 t sdmc_chmod
00110548 00000024 t error_cmp
0011056c 00000050 t sdmc_translate_error
001105bc 00000034 t sdmc_fsync
001105f0 00000054 t sdmc_ftruncate
00110644 000000bc t sdmc_statvfs
00110700 00000038 t sdmc_dirclose
00110738 0000013c t sdmc_dirnext
00110874 00000034 t sdmc_close
001108a8 00000070 t sdmc_fstat
00110918 000000d4 t sdmc_seek
001109ec 00000078 t sdmc_read
00110a64 000000ac t sdmc_write
00110b10 000001b0 t sdmc_utf16path
00110cc0 00000074 t sdmc_rmdir
00110d34 000000a4 t sdmc_diropen
00110dd8 000000ac t sdmc_chdir
00110e84 00000098 t sdmc_mkdir
00110f1c 00000108 t sdmc_rename
00111024 00000074 t sdmc_unlink
00111098 00000108 t sdmc_stat
001111a0 00000198 t sdmc_open
00111338 00000014 t sdmc_fchmod
0011134c 00000168 T sdmcInit
001114b4 00000060 T sdmcExit
00111514 T __aeabi_read_tp
00111520 00000244 T cosf
00111764 00000024 t with_errnof
00111788 0000001c T __math_invalidf
001117a8 0000026c T sinf
00111a14 00000038 T __aeabi_d2lz
00111a14 00000038 T __fixdfdi
00111a50 00000040 T __aeabi_d2ulz
00111a50 00000040 T __fixunsdfdi
00111a90 00000130 T __udivmoddi4
00111bc0 0000007c T bsearch
00111c3c 00000028 T calloc
00111c64 00000094 T _calloc_r
00111cf8 0000000c T __errno
00111d04 00000034 T exit
00111d38 00000160 T _fclose_r
00111e98 00000020 T fclose
00111eb8 00000278 T __sflush_r
00112130 00000094 T _fflush_r
001121c4 00000038 T fflush
001121fc 00000078 t std
00112274 0000000c T _cleanup_r
00112280 00000048 T __sfmoreglue
001122c8 0000008c T __sinit
00112354 0000010c T __sfp
00112460 0000000c T __sfp_lock_acquire
0011246c 0000000c T __sfp_lock_release
00112478 0000003c T __libc_fini_array
001124b4 00000138 T _fopen_r
001125ec 00000028 T fopen
00112614 000002e0 T _fread_r
001128f4 00000038 T fread
0011292c 000000f8 T _malloc_trim_r
00112a24 000002e8 T _free_r
00112d0c 00000020 T _fseek_r
00112d2c 000005ac T _fseeko_r
001132d8 00000068 T _fwalk
00113340 00000070 T _fwalk_reent
001133b0 0000007c T __libc_init_array
0011342c 00000034 T iprintf
00113460 00000094 T __swhatbuf_r
001134f4 000000f8 T __smakebuf_r
001135ec 00000028 T memalign
00113614 0000014c T _memalign_r
00113760 00000020 T malloc
00113780 00000020 T free
001137a0 000007d0 T _malloc_r
00113f70 000000e0 T memchr
00114050 000000a0 T memcmp
001140f0 00000120 T memcpy
00114210 00000118 T memset
00114328 0000000c T __malloc_lock
00114334 0000000c T __malloc_unlock
00114340 00000034 T printf
00114374 000000e0 T _puts_r
00114454 00000020 T puts
00114474 0000001c t lflush
00114490 000001ac T __srefill_r
0011463c 00000260 T setvbuf
0011489c 00000074 T sscanf
00114910 0000003c T __sread
0011494c 00000008 T __seofread
00114954 00000068 T __swrite
001149bc 00000058 T __sseek
00114a14 00000008 T __sclose
00114a1c 00000144 T strchr
00114b60 0000005c T strlen
00114bbc 00000098 T strncat
00114c54 000000ec T strncmp
00114d40 000000c0 T strncpy
00114e00 00000048 T strnlen
00114e48 00000048 t get_arg
00114e90 00002b84 T __ssvfscanf_r
00117a14 0000003c T time
00117a50 00000650 t get_arg
001180a0 00000034 T __sprint_r
001180d4 0000256c T _vfiprintf_r
0011a640 000000d4 t __sbprintf
0011a714 00000650 t get_arg
0011ad68 000038e0 T _vfprintf_r
0011e648 000000d4 t __sbprintf
0011e71c 00000054 T _wcrtomb_r
0011e770 00000020 T _wcsrtombs_r
0011e790 00000150 T __swsetup_r
0011e8e0 00000118 T __call_exitprocs
0011e9f8 000001a8 t quorem
0011eba0 000012ac T _dtoa_r
0011fe4c 000000c8 T __sflags
0011ff14 000004a4 T __sfvwrite_r
001203b8 00000008 T iswspace
001203c0 0000000c T _localeconv_r
001203cc 00000010 T __locale_mb_cur_max
001203dc 00000060 T _mbrtowc_r
0012043c 000002fc T __utf8_mbtowc
00120738 00000154 T memmove
0012088c 00000088 T _Balloc
00120914 0000001c T _Bfree
00120930 000000d0 T __multadd
00120a00 000000ec T __s2b
00120aec 00000058 T __hi0bits
00120b44 0000009c T __lo0bits
00120be0 00000020 T __i2b
00120c00 000001e0 T __multiply
00120de0 00000100 T __pow5mult
00120ee0 00000114 T __lshift
00120ff4 00000058 T __mcmp
0012104c 00000190 T __mdiff
001211dc 00000088 T __ulp
00121264 000000d4 T __b2d
00121338 00000104 T __d2b
0012143c 00000084 T __ratio
001214c0 0000006c T __copybits
0012152c 0000005c T __any_on
00121588 00000028 T realloc
001215b0 000004bc T _realloc_r
00121a6c 000000e8 T __sccl
00121b54 0000000c T nanf
00121b60 000000a8 T frexp
00121c08 00000064 T sprintf
00121c6c 000000b8 T stpncpy
00121d24 00000054 t sulp
00121d78 00001414 T _strtod_l
0012318c 0000000c T _strtod_r
00123198 0000023c t _strtoll_l.isra.0
001233d4 00000004 T _strtoll_r
001233d8 000001b4 t _strtol_l.isra.0
0012358c 00000004 T _strtol_r
00123590 0000024c t _strtoull_l.isra.0
001237dc 00000004 T _strtoull_r
001237e0 000001c8 t _strtoul_l.isra.0
001239a8 00000004 T _strtoul_r
001239ac 00000188 T __ssprint_r
00123b34 000000e0 T _sungetc_r
00123c14 0000006c T __ssrefill_r
00123c80 000000c8 T _sfread_r
00123d48 00000650 t get_arg
00124398 00003814 T _svfprintf_r
00127bac 000000a8 T __submore
00127c54 00000190 T _wcsnrtombs_l
00127de4 00000048 T _wcsnrtombs_r
00127e2c 000000f0 T __utf8_wctomb
00127f1c 000000ec t rshift
00128008 00000828 T __gethex
00128830 00000060 T __match
00128890 0000028c T __hexnan
00128b1c 0000003c T iswspace_l
00128b58 000001e0 t __jp2uc
00128d38 00000094 T _jp2uc_l
00128dd0 00000010 T nan
00128de0 00000088 T category
00128e68 00000008 t null_write
00128e70 00000018 T setDefaultDevice
00128e88 000000c8 T FindDevice
00128f50 00000028 T RemoveDevice
00128f78 0000009c T AddDevice
00129014 00000078 T _fstat_r
0012908c 00000038 T _gettimeofday_r
001290c4 00000008 T _isatty_r
001290cc 00000084 T _lseek_r
00129150 000000c4 T _open_r
00129214 00000080 T _read_r
00129294 00000078 T _sbrk_r
0012930c 00000080 T _write_r
0012938c 00000024 T _exit
001293b0 000001bc T _concatenate_path
0012956c 0000015c T chdir
001296c8 00000008 T __flockfile
001296d0 00000008 T __funlockfile
001296d8 00000018 T __libc_lock_acquire
001296f0 00000018 T __libc_lock_release
00129708 00000018 T __libc_lock_init_recursive
00129720 00000018 T __libc_lock_acquire_recursive
00129738 00000018 T __libc_lock_release_recursive
00129750 00000018 T __libc_lock_close_recursive
00129768 0000008c T __release_handle
001297f4 000000b4 T __alloc_handle
001298a8 0000003c T __get_handle
001298e4 000000f8 T _close_r
001299dc 00000028 T __getreent
00129a04 00000044 T strrchr
00129a48 T _fini
0012a000 R render2d_shbin
0012a18c R render2d_shbin_end
0012a18c R render2d_shbin_size
0012a19c R default_font_bin
0012a99c R default_font_bin_end
0012a99c R default_font_bin_size
0012aad8 00000038 r CSWTCH.11
0012ab10 00000005 r colorFmtSizes
0012ab18 00000004 r depthFmtSizes
0012ab1c 00000010 r CSWTCH.7
0012abc8 00000030 r colorTable
0012abf8 00000070 r dotab_stdout
0012ac68 00000014 r CSWTCH.62
0012ac7c 00000008 r framebufferInfoSt
0012acf4 00000030 r error_table
0012ad24 00000060 R __inv_pio4
0012ad88 000000e0 R __sincosf_table
0012ae68 00000004 R _global_impure_ptr
0012ae74 00000022 r basefix.8820
0012aec0 00000010 r blanks.8759
0012aed0 00000010 r zeroes.8760
0012aef4 00000010 r blanks.8791
0012af04 00000010 r zeroes.8792
0012af14 00000101 R _ctype_
0012b028 r .LC2
0012b070 00000028 R __mprec_bigtens
0012b098 000000c8 R __mprec_tens
0012b160 0000000c r p05.7510
0012b17c 00000014 r fpi.7590
0012b190 00000014 r fpinan.7626
0012b1a8 00000028 r tinytens
0012b1d0 0000006c R __action_table
0012b23c 00000100 R __chclass
0012b33c 0000006c R __state_table
0012b3a8 00000010 r blanks.8776
0012b3b8 00000010 r zeroes.8777
0012b3c8 00000100 R __hexdig
0012b4dc 000000bc r a1
0012b598 000000bc r a2
0012b654 0000005b r a3
0012b6b0 00000070 r a6
0012b720 000000a2 r a7
0012b7c4 00000040 r a8
0012b804 0000172a r b02cf
0012cf30 00001a7c r d02f4
0012e9ac 0000000c R _C_numeric_locale
0012e9b8 0000309c r categories
00131a5c 00000070 R dotab_stdnull
00131acc r 
00131acc R __exidx_end
00131acc R __exidx_start
00132000 W __stacksize__
00132004 00000004 d framerate
00132008 00000008 d framerateCounter
00132010 00000070 d romFS_devoptab
00132080 00000004 D currentConsole
00132084 0000004c D defaultConsole
001320d0 00000001 d firstConsoleInit.8429
001320d1 00000001 d botFormat
001320d4 00000008 d doubleBuf
001320dc 00000001 d topFormat
001320e0 00000004 d queueLock
001320e4 00000004 d gspLastEvent
001320e8 00000004 d aptFlags
001320ec 00000001 d aptHomeAllowed
001320f0 00000004 V __ctru_linear_heap_size
001320f4 00000401 d __cwd
001324f8 00000070 d sdmc_devoptab
00132568 0000000c d __sfp_recursive_mutex
00132574 0000000c d __sinit_recursive_mutex
00132580 00000004 D _impure_ptr
00132588 00000460 d impure_data
001329e8 00000408 D __malloc_av_
00132df0 00000004 D __malloc_sbrk_base
00132df4 00000004 D __malloc_trim_threshold
00132df8 0000000c d __malloc_recursive_mutex
00132e04 0000000c D __atexit_recursive_mutex
00132e10 0000016c D __global_locale
00132f7c 00000002 d numempty
00132f80 00000004 d defaultDevice
00132f84 0000008c D devoptab_list
00133010 00000400 d _current_working_directory
00133410 00000004 d __hndl_lock
00133414 0000000c d __stderr_handle
00133420 0000000c d __stdin_handle
0013342c 0000000c d __stdout_handle
00133438 00001000 d handles
00134438 t __frame_dummy_init_array_entry
00134438 T __init_array_start
00134438 B __preinit_array_end
00134438 B __preinit_array_start
00134438 D __tdata_lma
00134438 D __tdata_lma_end
00134438 D __TMC_END__
00134438 d __TMC_LIST__
0013443c t __do_global_dtors_aux_fini_array_entry
0013443c T __fini_array_start
0013443c T __init_array_end
00134440 T __bss_start__
00134440 T __fini_array_end
00134440 b saved_stack
00134448 b completed.10434
0013444c b object.10439
00134464 00000040 b s_projBot
001344a4 00000040 b s_projTop
001344e4 00000004 b uLoc_mdlvMtx
001344e8 00000004 b uLoc_projMtx
001344ec 0000000c b hookCookie
001344f8 00000010 b cpuTime
00134508 00000004 b firstTarget
0013450c 00000008 b frameCounter
00134514 00000004 b frameEndCb
00134518 00000004 b frameEndCbData
0013451c 00000001 b frameStage
00134520 00000010 b gpuTime
00134530 00000001 b inFrame
00134531 00000001 b inSafeTransfer
00134532 00000001 b initialized
00134534 00000004 b lastTarget
00134538 0000000c b linkedTarget
00134544 00000001 b measureGpuTime
00134548 000000c0 b C3Di_FVUnifEverDirty
00134608 00000008 b C3Di_IVUnifEverDirty
00134610 00000018 b C3Di_ShaderFVecData
00134628 0000000c b sAddrMap
00134634 00000008 b sVramPool
0013463c 00000008 b sLinearPool
00134644 0000000c b sAddrMap
00134650 00000401 b __component
00134a54 00000004 V __romfs_path
00134a58 00000802 b __utf16path
0013525c 00000004 b romfs_mount_list
00135260 00000001 V __ctru_speedup
00135264 00000002 b currentBuffer
00135266 00000001 b enable3d
00135268 00000004 b screenAlloc
0013526c 00000004 b screenFree
00135270 00000004 b boundQueue
00135274 00000004 b curQueue
00135278 00000001 b isActive
00135279 00000001 b isRunning
0013527a 00000001 b shouldStop
0013527c 00000004 b gspEvent
00135280 0000001c b gspEventCb
0013529c 0000001c b gspEventCbData
001352b8 00000007 b gspEventCbOneShot
001352c0 0000001c b gspEventCounts
001352dc 00000004 b gspEventData
001352e0 00000004 b gspEventThread
001352e4 00000038 b gspEvents
0013531c 00000004 b gspRefCount
00135320 00000001 b gspRunEvents
00135321 00000001 b aptChainloadMediatype
00135328 00000008 b aptChainloadTid
00135330 00000004 b aptEventHandlerThread
00135334 0000000c b aptEvents
00135340 0000000c b aptFirstHook
0013534c 00000001 b aptHomeButtonState
00135350 00000004 b aptLockHandle
00135354 00000004 b aptMessageFunc
00135358 00000004 b aptMessageFuncData
0013535c 00001000 b aptParameters
0013635c 00000001 b aptRecentHomeButtonState
00136360 00000004 b aptRefCount
00136364 00000008 b aptSleepEvent
0013636c 00000001 b flagInit.8300
0013636d 00000001 b flagValue.8301
00136370 00000004 b serviceName.7930
00136374 00000006 b aVec
0013637c 00000004 b cPos
00136380 00000006 b gRate
00136388 00000004 b hidRefCount
0013638c 00000004 b kDown
00136390 00000004 b kHeld
00136394 00000004 b kOld
00136398 00000004 b kUp
0013639c 00000004 b tPos
001363a0 00000004 b ptmSysmHandle
001363a4 00000004 b ptmSysmRefCount
001363a8 00000080 b fsExemptArchives
00136428 00000004 b fsuHandle
0013642c 00000004 b fsuRefCount
00136430 00000004 V __ctru_heap_size
00136434 00000008 b sMappablePool
0013643c 0000000c b sAddrMap
00136448 00000004 b arbiter
0013644c 00000004 b srvHandle
00136450 00000004 b srvRefCount
00136454 00000004 b csPos
00136458 00000004 b irrstRefCount
0013645c 00000004 b kHeld
00136460 00000004 b srvPmHandle
00136468 00000008 b sdmcArchive
00136470 00000001 b sdmcInitialised
00136474 00000028 B __malloc_current_mallinfo
0013649c 00000004 B __malloc_max_sbrked_mem
001364a0 00000004 B __malloc_max_total_mem
001364a4 00000004 B __malloc_top_pad
001364a8 00000004 b heap_start.7420
001364ac 00000004 B fake_heap_end
001364b0 00000004 B fake_heap_start
001364b4 00000400 b temp_cwd
001368b4 00000048 B __syscalls
00136900 000005a0 B __C2Di_Context
00136ea0 000002d0 B __C3D_Context
00137170 00000020 B C3D_IVUnif
00137190 000000c0 B C3D_FVUnifDirty
00137250 00000002 B C3D_BoolUnifsDirty
00137254 00000008 B C3D_IVUnifDirty
0013725c 00000004 B C3D_BoolUnifs
00137260 00000c00 B C3D_FVUnif
00137e60 0000004c B currentCopy
00137eac 00000008 B gfxBottomFramebuffers
00137eb4 00000004 B gspSharedMemHandle
00137eb8 0000001c B bottomFramebufferInfo
00137ed4 00000004 B gspEvent
00137ed8 00000008 B gfxTopLeftFramebuffers
00137ee0 00000008 B gfxTopRightFramebuffers
00137ee8 0000001c B topFramebufferInfo
00137f04 00000001 B gfxThreadID
00137f08 00000004 B gfxSharedMemory
00137f0c 00000004 B gfxTopFramebufferMaxSize
00137f10 00000004 B gfxBottomFramebufferMaxSize
00137f14 00000004 B gxCmdBuf
00137f18 00000004 B gpuCmdBuf
00137f1c 00000004 B gpuCmdBufOffset
00137f20 00000004 B gpuCmdBufSize
00137f24 00000004 B gspGpuHandle
00137f28 00000004 B hidMemHandle
00137f2c 00000004 B hidHandle
00137f30 00000004 B hidSharedMem
00137f34 00000014 B hidEvents
00137f48 00000004 B __system_retAddr
00137f4c 00000004 B __ctru_linear_heap
00137f50 00000004 B __ctru_heap
00137f54 00000004 B __system_argv
00137f58 00000004 B __system_argc
00137f5c 00000004 B irrstHandle
00137f60 00000004 B irrstEvent
00137f64 00000004 B irrstMemHandle
00137f68 00000004 B irrstSharedMem
00137f6c B __tls_start
00139378 B __bss_end__
00139378 A __end__
00139378 B __tls_end
